[21-Jul-2025 13:32:34 UTC] PHP Warning:  Undefined variable $user_id in E:\APP\MAMP\htdocs\project\belajar_cURL\api\controller.php on line 83
[21-Jul-2025 13:33:30 UTC] PHP Warning:  Undefined variable $user_id in E:\APP\MAMP\htdocs\project\belajar_cURL\api\controller.php on line 83
[21-Jul-2025 13:35:16 UTC] PHP Warning:  Undefined variable $user_id in E:\APP\MAMP\htdocs\project\belajar_cURL\api\controller.php on line 83
[21-Jul-2025 13:35:17 UTC] PHP Warning:  Undefined variable $user_id in E:\APP\MAMP\htdocs\project\belajar_cURL\api\controller.php on line 83
[21-Jul-2025 13:35:18 UTC] PHP Warning:  Undefined variable $user_id in E:\APP\MAMP\htdocs\project\belajar_cURL\api\controller.php on line 83
[21-Jul-2025 13:35:18 UTC] PHP Warning:  Undefined variable $user_id in E:\APP\MAMP\htdocs\project\belajar_cURL\api\controller.php on line 83
[21-Jul-2025 13:35:19 UTC] PHP Warning:  Undefined variable $user_id in E:\APP\MAMP\htdocs\project\belajar_cURL\api\controller.php on line 83
[21-Jul-2025 13:35:19 UTC] PHP Warning:  Undefined variable $user_id in E:\APP\MAMP\htdocs\project\belajar_cURL\api\controller.php on line 83
[21-Jul-2025 13:36:30 UTC] Request Path: /project/belajar_cURL/api/controller.php/26, Method: PUT
[21-Jul-2025 13:36:30 UTC] PUT request matched: ID = 26
[21-Jul-2025 13:36:56 UTC] Request Path: /project/belajar_cURL/api/controller.php/26, Method: PUT
[21-Jul-2025 13:36:56 UTC] PUT request matched: ID = 26
[21-Jul-2025 13:38:24 UTC] Request Path: /project/belajar_cURL/api/controller.php/26, Method: PUT
[21-Jul-2025 13:38:24 UTC] PUT request matched: ID = 26
[21-Jul-2025 13:40:09 UTC] Request Path: /project/belajar_cURL/api/controller.php/26, Method: PUT
[21-Jul-2025 13:40:09 UTC] PUT request matched: ID = 26
[21-Jul-2025 13:40:26 UTC] Request Path: /project/belajar_cURL/api/controller.php/26, Method: PUT
[21-Jul-2025 13:40:26 UTC] PUT request matched: ID = 26
[21-Jul-2025 13:49:16 UTC] Request Path: /project/belajar_cURL/api/controller.php/26, Method: PUT
[21-Jul-2025 13:49:16 UTC] PUT request matched: ID = 26
[21-Jul-2025 13:49:16 UTC] PHP Fatal error:  Uncaught mysqli_sql_exception: You have an error in your SQL syntax; check the manual that corresponds to your MySQL server version for the right syntax to use near 'WHERE id = 26' at line 1 in E:\APP\MAMP\htdocs\project\belajar_cURL\api\controller.php:170
Stack trace:
#0 E:\APP\MAMP\htdocs\project\belajar_cURL\api\controller.php(170): mysqli_query(Object(mysqli), 'UPDATE `users` ...')
#1 {main}
  thrown in E:\APP\MAMP\htdocs\project\belajar_cURL\api\controller.php on line 170
[21-Jul-2025 13:49:27 UTC] Request Path: /project/belajar_cURL/api/controller.php/26, Method: DELETE
[21-Jul-2025 13:49:27 UTC] DELETE request matched: ID = 26
[21-Jul-2025 13:49:48 UTC] Request Path: /project/belajar_cURL/api/controller.php/26, Method: DELETE
[21-Jul-2025 13:49:48 UTC] DELETE request matched: ID = 26
